<?xml version="1.0" encoding="UTF-8"?>
<testng-results skipped="0" failed="0" ignored="0" total="1" passed="1">
  <reporter-output>
    <line>
      <![CDATA[Hi]]>
    </line>
  </reporter-output>
  <suite name="Default suite" duration-ms="57" started-at="2020-03-13T23:13:38 IST" finished-at="2020-03-13T23:13:38 IST">
    <groups>
    </groups>
    <test name="Default test" duration-ms="57" started-at="2020-03-13T23:13:38 IST" finished-at="2020-03-13T23:13:38 IST">
      <class name="com.actiTime.generic.Demo">
        <test-method status="PASS" signature="run()[pri:0, instance:com.actiTime.generic.Demo@7791a895]" name="run" duration-ms="11" started-at="2020-03-13T23:13:38 IST" finished-at="2020-03-13T23:13:38 IST">
          <reporter-output>
            <line>
              <![CDATA[Hi]]>
            </line>
          </reporter-output>
        </test-method> <!-- run -->
      </class> <!-- com.actiTime.generic.Demo -->
    </test> <!-- Default test -->
  </suite> <!-- Default suite -->
</testng-results>
